<?xml version="1.0" encoding="UTF-8"?>
<!-- Generated by org.testng.reporters.JUnitXMLReporter -->
<testsuite ignored="0" hostname="AEPL-ASSET-195" failures="0" tests="7" name="Default test" time="24.65" errors="0" timestamp="2025-03-10T15:54:55 IST">
  <testcase classname="com.aepl.sam.tests.DeviceModelsPageTest" name="navBarLinkTest1" time="2.567"/>
  <testcase classname="com.aepl.sam.tests.DeviceModelsPageTest" name="ClickAddDeviceModelTest" time="2.289"/>
  <testcase classname="com.aepl.sam.tests.DeviceModelsPageTest" name="addModelTest" time="4.666"/>
  <testcase classname="com.aepl.sam.tests.DeviceModelsPageTest" name="searchModelTest" time="2.302"/>
  <testcase classname="com.aepl.sam.tests.DeviceModelsPageTest" name="viewModelTest" time="2.226"/>
  <testcase classname="com.aepl.sam.tests.DeviceModelsPageTest" name="UpdateModelTest" time="2.748"/>
  <testcase classname="com.aepl.sam.tests.DeviceModelsPageTest" name="DeleteModelTest" time="2.231"/>
</testsuite> <!-- Default test -->
