<?xml version="1.0" encoding="UTF-8"?>
<!-- Generated by org.testng.reporters.JUnitXMLReporter -->
<testsuite ignored="0" hostname="AEP-LAP-38" failures="0" tests="3" name="Default test" time="8.316" errors="0" timestamp="2025-03-10T16:03:34 IST">
  <testcase classname="com.aepl.sam.tests.GovernmentServerPageTest" name="testClickNavBar" time="1.022"/>
  <testcase classname="com.aepl.sam.tests.GovernmentServerPageTest" name="testBackButton" time="1.277"/>
  <testcase classname="com.aepl.sam.tests.GovernmentServerPageTest" name="testRefreshButton" time="0.37"/>
</testsuite> <!-- Default test -->
