<?xml version="1.0" encoding="UTF-8"?>
<testng-results ignored="0" total="7" passed="7" failed="0" skipped="0">
  <reporter-output>
  </reporter-output>
  <suite started-at="2025-03-10T15:54:30 IST" name="Default suite" finished-at="2025-03-10T15:54:55 IST" duration-ms="24650">
    <groups>
    </groups>
    <test started-at="2025-03-10T15:54:30 IST" name="Default test" finished-at="2025-03-10T15:54:55 IST" duration-ms="24650">
      <class name="com.aepl.sam.tests.DeviceModelsPageTest">
        <test-method is-config="true" signature="setUp()[pri:0, instance:com.aepl.sam.tests.DeviceModelsPageTest@1e097d59]" started-at="2025-03-10T15:54:30 IST" name="setUp" finished-at="2025-03-10T15:54:36 IST" duration-ms="5439" status="PASS">
          <reporter-output>
          </reporter-output>
        </test-method> <!-- setUp -->
        <test-method is-config="true" signature="zoomChrome()[pri:0, instance:com.aepl.sam.tests.DeviceModelsPageTest@1e097d59]" started-at="2025-03-10T15:54:36 IST" name="zoomChrome" finished-at="2025-03-10T15:54:36 IST" duration-ms="43" status="PASS">
          <reporter-output>
          </reporter-output>
        </test-method> <!-- zoomChrome -->
        <test-method signature="navBarLinkTest1()[pri:1, instance:com.aepl.sam.tests.DeviceModelsPageTest@1e097d59]" started-at="2025-03-10T15:54:36 IST" name="navBarLinkTest1" finished-at="2025-03-10T15:54:39 IST" duration-ms="2567" status="PASS">
          <reporter-output>
          </reporter-output>
        </test-method> <!-- navBarLinkTest1 -->
        <test-method is-config="true" signature="zoomChrome()[pri:0, instance:com.aepl.sam.tests.DeviceModelsPageTest@1e097d59]" started-at="2025-03-10T15:54:39 IST" name="zoomChrome" finished-at="2025-03-10T15:54:39 IST" duration-ms="11" status="PASS">
          <reporter-output>
          </reporter-output>
        </test-method> <!-- zoomChrome -->
        <test-method signature="ClickAddDeviceModelTest()[pri:2, instance:com.aepl.sam.tests.DeviceModelsPageTest@1e097d59]" started-at="2025-03-10T15:54:39 IST" name="ClickAddDeviceModelTest" finished-at="2025-03-10T15:54:41 IST" duration-ms="2289" status="PASS">
          <reporter-output>
          </reporter-output>
        </test-method> <!-- ClickAddDeviceModelTest -->
        <test-method is-config="true" signature="zoomChrome()[pri:0, instance:com.aepl.sam.tests.DeviceModelsPageTest@1e097d59]" started-at="2025-03-10T15:54:41 IST" name="zoomChrome" finished-at="2025-03-10T15:54:41 IST" duration-ms="9" status="PASS">
          <reporter-output>
          </reporter-output>
        </test-method> <!-- zoomChrome -->
        <test-method signature="addModelTest()[pri:3, instance:com.aepl.sam.tests.DeviceModelsPageTest@1e097d59]" started-at="2025-03-10T15:54:41 IST" name="addModelTest" finished-at="2025-03-10T15:54:46 IST" duration-ms="4666" status="PASS">
          <reporter-output>
          </reporter-output>
        </test-method> <!-- addModelTest -->
        <test-method is-config="true" signature="zoomChrome()[pri:0, instance:com.aepl.sam.tests.DeviceModelsPageTest@1e097d59]" started-at="2025-03-10T15:54:46 IST" name="zoomChrome" finished-at="2025-03-10T15:54:46 IST" duration-ms="30" status="PASS">
          <reporter-output>
          </reporter-output>
        </test-method> <!-- zoomChrome -->
        <test-method signature="searchModelTest()[pri:4, instance:com.aepl.sam.tests.DeviceModelsPageTest@1e097d59]" started-at="2025-03-10T15:54:46 IST" name="searchModelTest" finished-at="2025-03-10T15:54:48 IST" duration-ms="2302" status="PASS">
          <reporter-output>
          </reporter-output>
        </test-method> <!-- searchModelTest -->
        <test-method is-config="true" signature="zoomChrome()[pri:0, instance:com.aepl.sam.tests.DeviceModelsPageTest@1e097d59]" started-at="2025-03-10T15:54:48 IST" name="zoomChrome" finished-at="2025-03-10T15:54:48 IST" duration-ms="10" status="PASS">
          <reporter-output>
          </reporter-output>
        </test-method> <!-- zoomChrome -->
        <test-method signature="viewModelTest()[pri:5, instance:com.aepl.sam.tests.DeviceModelsPageTest@1e097d59]" started-at="2025-03-10T15:54:48 IST" name="viewModelTest" finished-at="2025-03-10T15:54:50 IST" duration-ms="2226" status="PASS">
          <reporter-output>
          </reporter-output>
        </test-method> <!-- viewModelTest -->
        <test-method is-config="true" signature="zoomChrome()[pri:0, instance:com.aepl.sam.tests.DeviceModelsPageTest@1e097d59]" started-at="2025-03-10T15:54:50 IST" name="zoomChrome" finished-at="2025-03-10T15:54:50 IST" duration-ms="10" status="PASS">
          <reporter-output>
          </reporter-output>
        </test-method> <!-- zoomChrome -->
        <test-method signature="UpdateModelTest()[pri:6, instance:com.aepl.sam.tests.DeviceModelsPageTest@1e097d59]" started-at="2025-03-10T15:54:50 IST" name="UpdateModelTest" finished-at="2025-03-10T15:54:53 IST" duration-ms="2748" status="PASS">
          <reporter-output>
          </reporter-output>
        </test-method> <!-- UpdateModelTest -->
        <test-method is-config="true" signature="zoomChrome()[pri:0, instance:com.aepl.sam.tests.DeviceModelsPageTest@1e097d59]" started-at="2025-03-10T15:54:53 IST" name="zoomChrome" finished-at="2025-03-10T15:54:53 IST" duration-ms="10" status="PASS">
          <reporter-output>
          </reporter-output>
        </test-method> <!-- zoomChrome -->
        <test-method signature="DeleteModelTest()[pri:7, instance:com.aepl.sam.tests.DeviceModelsPageTest@1e097d59]" started-at="2025-03-10T15:54:53 IST" name="DeleteModelTest" finished-at="2025-03-10T15:54:55 IST" duration-ms="2231" status="PASS">
          <reporter-output>
          </reporter-output>
        </test-method> <!-- DeleteModelTest -->
        <test-method is-config="true" signature="tearDown()[pri:0, instance:com.aepl.sam.tests.DeviceModelsPageTest@1e097d59]" started-at="2025-03-10T15:54:55 IST" name="tearDown" finished-at="2025-03-10T15:54:57 IST" duration-ms="1634" status="PASS">
          <reporter-output>
          </reporter-output>
        </test-method> <!-- tearDown -->
      </class> <!-- com.aepl.sam.tests.DeviceModelsPageTest -->
    </test> <!-- Default test -->
  </suite> <!-- Default suite -->
</testng-results>
